<?xml version="1.0" encoding="UTF-8"?>
<!-- Generated by org.testng.reporters.JUnitReportReporter -->
<testsuite skipped="0" hostname="L-000934" name="test.endavaUniversity.Test2" tests="1" failures="0" timestamp="9 Aug 2016 15:46:55 GMT" time="3.280" errors="0">
  <testcase name="endavaUniversity" time="3.280" classname="test.endavaUniversity.Test2"/>
</testsuite> <!-- test.endavaUniversity.Test2 -->
