<?xml version="1.0" encoding="UTF-8"?>
<!-- Generated by org.testng.reporters.JUnitReportReporter -->
<testsuite skipped="0" hostname="L-000934" name="test.account.Test1" tests="2" failures="0" timestamp="12 Aug 2016 13:06:10 GMT" time="0.175" errors="0">
  <testcase name="verifyArea" time="0.099" classname="test.account.Test1"/>
  <testcase name="verifyProfileAccount" time="0.076" classname="test.account.Test1"/>
</testsuite> <!-- test.account.Test1 -->
