<?xml version="1.0" encoding="UTF-8"?>
<!-- Generated by org.testng.reporters.JUnitReportReporter -->
<testsuite skipped="0" hostname="L-000934" name="test.endavaUniversity.Test2" tests="1" failures="0" timestamp="12 Aug 2016 13:10:31 GMT" time="1.302" errors="0">
  <testcase name="endavaUniversity" time="1.302" classname="test.endavaUniversity.Test2"/>
</testsuite> <!-- test.endavaUniversity.Test2 -->
