<?xml version="1.0" encoding="UTF-8"?>
<!-- Generated by org.testng.reporters.JUnitReportReporter -->
<testsuite skipped="0" hostname="L-000934" name="test.account.Test1" tests="2" failures="0" timestamp="9 Aug 2016 15:41:09 GMT" time="0.359" errors="0">
  <testcase name="verifyArea" time="0.213" classname="test.account.Test1"/>
  <testcase name="verifyProfileAccount" time="0.146" classname="test.account.Test1"/>
</testsuite> <!-- test.account.Test1 -->
