<?xml version="1.0" encoding="UTF-8"?>
<!-- Generated by org.testng.reporters.JUnitReportReporter -->
<testsuite skipped="2" hostname="L-000934" name="test.login.TNGAnotation" tests="3" failures="0" timestamp="12 Aug 2016 13:11:24 GMT" time="2.934" errors="0">
  <testcase name="wrongUsername" time="0.180" classname="test.login.TNGAnotation">
    <skipped/>
  </testcase> <!-- wrongUsername -->
  <testcase name="login" time="2.754" classname="test.login.TNGAnotation"/>
  <testcase name="wrongPassword" time="0.000" classname="test.login.TNGAnotation">
    <skipped/>
  </testcase> <!-- wrongPassword -->
</testsuite> <!-- test.login.TNGAnotation -->
