<?xml version="1.0" encoding="UTF-8"?>
<!-- Generated by org.testng.reporters.JUnitReportReporter -->
<testsuite skipped="0" hostname="L-000934" name="test.login.Login" tests="1" failures="0" timestamp="5 Aug 2016 13:07:14 GMT" time="13.558" errors="0">
  <testcase name="login" time="13.558" classname="test.login.Login"/>
</testsuite> <!-- test.login.Login -->
