<?xml version="1.0" encoding="UTF-8"?>
<!-- Generated by org.testng.reporters.JUnitReportReporter -->
<testsuite skipped="0" hostname="L-000934" name="test.login.WrongUsername" tests="1" failures="0" timestamp="5 Aug 2016 13:58:55 GMT" time="7.723" errors="0">
  <testcase name="wrongUsername" time="7.723" classname="test.login.WrongUsername"/>
</testsuite> <!-- test.login.WrongUsername -->
