<?xml version="1.0" encoding="UTF-8"?>
<!-- Generated by org.testng.reporters.JUnitReportReporter -->
<testsuite skipped="0" hostname="L-000934" name="test.login.TNGAnotation" tests="3" failures="0" timestamp="9 Aug 2016 11:23:03 GMT" time="25.032" errors="0">
  <testcase name="wrongPassword" time="7.543" classname="test.login.TNGAnotation"/>
  <testcase name="wrongUsername" time="8.160" classname="test.login.TNGAnotation"/>
  <testcase name="login" time="9.329" classname="test.login.TNGAnotation"/>
</testsuite> <!-- test.login.TNGAnotation -->
