<?xml version="1.0" encoding="UTF-8"?>
<!-- Generated by org.testng.reporters.JUnitReportReporter -->
<testsuite skipped="0" hostname="L-000934" name="test.cdd.CheckBoxFunctionality" tests="1" failures="0" timestamp="15 Aug 2016 09:18:10 GMT" time="23.026" errors="0">
  <testcase name="checkBox" time="23.026" classname="test.cdd.CheckBoxFunctionality"/>
</testsuite> <!-- test.cdd.CheckBoxFunctionality -->
