<?xml version="1.0" encoding="UTF-8"?>
<!-- Generated by org.testng.reporters.JUnitReportReporter -->
<testsuite skipped="0" hostname="L-000934" name="test.login.Login" tests="3" failures="0" timestamp="5 Aug 2016 14:31:29 GMT" time="26.705" errors="0">
  <testcase name="wrongUsername" time="8.198" classname="test.login.Login"/>
  <testcase name="login" time="9.600" classname="test.login.Login"/>
  <testcase name="wrongPassword" time="8.907" classname="test.login.Login"/>
</testsuite> <!-- test.login.Login -->
