<?xml version="1.0" encoding="UTF-8"?>
<!-- Generated by org.testng.reporters.JUnitReportReporter -->
<testsuite skipped="0" hostname="L-000934" name="test.NewTest" tests="1" failures="0" timestamp="4 Aug 2016 14:43:22 GMT" time="12.598" errors="0">
  <testcase name="testGoogle" time="12.598" classname="test.NewTest"/>
</testsuite> <!-- test.NewTest -->
